10:20:17 **** Build of configuration Debug for project lab_string ****
make all 
Building file: ../main.c
Invoking: Cross GCC Compiler
gcc -O0 -g3 -Wall -c -fmessage-length=0 -MMD -MP -MF"main.d" -MT"main.o" -o "main.o" "../main.c"
Finished building: ../main.c
 
Building file: ../str_functions.c
Invoking: Cross GCC Compiler
gcc -O0 -g3 -Wall -c -fmessage-length=0 -MMD -MP -MF"str_functions.d" -MT"str_functions.o" -o "str_functions.o" "../str_functions.c"
Finished building: ../str_functions.c
 
Building file: ../str_quests.c
Invoking: Cross GCC Compiler
gcc -O0 -g3 -Wall -c -fmessage-length=0 -MMD -MP -MF"str_quests.d" -MT"str_quests.o" -o "str_quests.o" "../str_quests.c"
Finished building: ../str_quests.c
 
Building target: lab_string
Invoking: Cross GCC Linker
gcc  -o "lab_string"  ./main.o ./str_functions.o ./str_quests.o   
Finished building target: lab_string
 
10:32:12 **** Incremental Build of configuration Debug for project lab_string ****
make all 
Building file: ../main.c
Invoking: Cross GCC Compiler
gcc -O0 -g3 -Wall -c -fmessage-length=0 -MMD -MP -MF"main.d" -MT"main.o" -o "main.o" "../main.c"
Finished building: ../main.c
 
Building file: ../str_functions.c
Invoking: Cross GCC Compiler
gcc -O0 -g3 -Wall -c -fmessage-length=0 -MMD -MP -MF"str_functions.d" -MT"str_functions.o" -o "str_functions.o" "../str_functions.c"
Finished building: ../str_functions.c
 
Building file: ../str_quests.c
Invoking: Cross GCC Compiler
gcc -O0 -g3 -Wall -c -fmessage-length=0 -MMD -MP -MF"str_quests.d" -MT"str_quests.o" -o "str_quests.o" "../str_quests.c"
../str_quests.c: In function ‘Q1’:
../str_quests.c:14:18: warning: unused variable ‘str2’ [-Wunused-variable]
  char str1[MAX], str2[MAX];
                  ^~~~
Finished building: ../str_quests.c
 
Building target: lab_string
Invoking: Cross GCC Linker
gcc  -o "lab_string"  ./main.o ./str_functions.o ./str_quests.o   
Finished building target: lab_string
 
10:40:31 **** Incremental Build of configuration Debug for project lab_string ****
make all 
Building file: ../str_quests.c
Invoking: Cross GCC Compiler
gcc -O0 -g3 -Wall -c -fmessage-length=0 -MMD -MP -MF"str_quests.d" -MT"str_quests.o" -o "str_quests.o" "../str_quests.c"
Finished building: ../str_quests.c
 
Building target: lab_string
Invoking: Cross GCC Linker
gcc  -o "lab_string"  ./main.o ./str_functions.o ./str_quests.o   
Finished building target: lab_string
 
10:40:40 **** Incremental Build of configuration Debug for project lab_string ****
make all 
make: Nothing to be done for 'all'.
10:43:22 **** Incremental Build of configuration Debug for project lab_string ****
make all 
Building file: ../str_quests.c
Invoking: Cross GCC Compiler
gcc -O0 -g3 -Wall -c -fmessage-length=0 -MMD -MP -MF"str_quests.d" -MT"str_quests.o" -o "str_quests.o" "../str_quests.c"
../str_quests.c: In function ‘Q1’:
../str_quests.c:29:14: warning: implicit declaration of function ‘getLongerStr’ [-Wimplicit-function-declaration]
  longerStr = getLongerStr(str1, str2);
              ^~~~~~~~~~~~
../str_quests.c:29:12: error: assignment to expression with array type
  longerStr = getLongerStr(str1, str2);
            ^
subdir.mk:24: recipe for target 'str_quests.o' failed
make: *** [str_quests.o] Error 1
"make all" terminated with exit code 2. Build might be incomplete.
10:46:06 **** Incremental Build of configuration Debug for project lab_string ****
make all 
Building file: ../str_functions.c
Invoking: Cross GCC Compiler
gcc -O0 -g3 -Wall -c -fmessage-length=0 -MMD -MP -MF"str_functions.d" -MT"str_functions.o" -o "str_functions.o" "../str_functions.c"
Finished building: ../str_functions.c
 
Building file: ../str_quests.c
Invoking: Cross GCC Compiler
gcc -O0 -g3 -Wall -c -fmessage-length=0 -MMD -MP -MF"str_quests.d" -MT"str_quests.o" -o "str_quests.o" "../str_quests.c"
../str_quests.c: In function ‘Q1’:
../str_quests.c:30:12: error: assignment to expression with array type
  longerStr = getLongerStr(str1, str2);
            ^
make: *** [str_quests.o] Error 1
subdir.mk:24: recipe for target 'str_quests.o' failed
"make all" terminated with exit code 2. Build might be incomplete.
10:49:40 **** Incremental Build of configuration Debug for project lab_string ****
make all 
Building file: ../str_functions.c
Invoking: Cross GCC Compiler
gcc -O0 -g3 -Wall -c -fmessage-length=0 -MMD -MP -MF"str_functions.d" -MT"str_functions.o" -o "str_functions.o" "../str_functions.c"
Finished building: ../str_functions.c
 
Building file: ../str_quests.c
Invoking: Cross GCC Compiler
gcc -O0 -g3 -Wall -c -fmessage-length=0 -MMD -MP -MF"str_quests.d" -MT"str_quests.o" -o "str_quests.o" "../str_quests.c"
Finished building: ../str_quests.c
 
Building target: lab_string
Invoking: Cross GCC Linker
gcc  -o "lab_string"  ./main.o ./str_functions.o ./str_quests.o   
Finished building target: lab_string
 
10:49:55 **** Incremental Build of configuration Debug for project lab_string ****
make all 
make: Nothing to be done for 'all'.
10:50:11 **** Incremental Build of configuration Debug for project lab_string ****
make all 
make: Nothing to be done for 'all'.
10:50:25 **** Incremental Build of configuration Debug for project lab_string ****
make all 
make: Nothing to be done for 'all'.
10:53:27 **** Incremental Build of configuration Debug for project lab_string ****
make all 
Building file: ../str_functions.c
Invoking: Cross GCC Compiler
gcc -O0 -g3 -Wall -c -fmessage-length=0 -MMD -MP -MF"str_functions.d" -MT"str_functions.o" -o "str_functions.o" "../str_functions.c"
Finished building: ../str_functions.c
 
Building file: ../str_quests.c
Invoking: Cross GCC Compiler
gcc -O0 -g3 -Wall -c -fmessage-length=0 -MMD -MP -MF"str_quests.d" -MT"str_quests.o" -o "str_quests.o" "../str_quests.c"
Finished building: ../str_quests.c
 
Building target: lab_string
Invoking: Cross GCC Linker
gcc  -o "lab_string"  ./main.o ./str_functions.o ./str_quests.o   
Finished building target: lab_string
 
10:53:39 **** Incremental Build of configuration Debug for project lab_string ****
make all 
make: Nothing to be done for 'all'.
10:53:53 **** Incremental Build of configuration Debug for project lab_string ****
make all 
make: Nothing to be done for 'all'.
10:54:46 **** Incremental Build of configuration Debug for project lab_string ****
make all 
Building file: ../str_quests.c
Invoking: Cross GCC Compiler
gcc -O0 -g3 -Wall -c -fmessage-length=0 -MMD -MP -MF"str_quests.d" -MT"str_quests.o" -o "str_quests.o" "../str_quests.c"
Finished building: ../str_quests.c
 
Building target: lab_string
Invoking: Cross GCC Linker
gcc  -o "lab_string"  ./main.o ./str_functions.o ./str_quests.o   
Finished building target: lab_string
 
10:54:48 **** Incremental Build of configuration Debug for project lab_string ****
make all 
make: Nothing to be done for 'all'.
10:55:42 **** Incremental Build of configuration Debug for project lab_string ****
make all 
Building file: ../str_quests.c
Invoking: Cross GCC Compiler
gcc -O0 -g3 -Wall -c -fmessage-length=0 -MMD -MP -MF"str_quests.d" -MT"str_quests.o" -o "str_quests.o" "../str_quests.c"
Finished building: ../str_quests.c
 
Building target: lab_string
Invoking: Cross GCC Linker
gcc  -o "lab_string"  ./main.o ./str_functions.o ./str_quests.o   
Finished building target: lab_string
 
10:55:45 **** Incremental Build of configuration Debug for project lab_string ****
make all 
make: Nothing to be done for 'all'.
10:56:16 **** Incremental Build of configuration Debug for project lab_string ****
make all 
Building file: ../str_quests.c
Invoking: Cross GCC Compiler
gcc -O0 -g3 -Wall -c -fmessage-length=0 -MMD -MP -MF"str_quests.d" -MT"str_quests.o" -o "str_quests.o" "../str_quests.c"
Finished building: ../str_quests.c
 
Building target: lab_string
Invoking: Cross GCC Linker
gcc  -o "lab_string"  ./main.o ./str_functions.o ./str_quests.o   
Finished building target: lab_string
 
10:59:38 **** Incremental Build of configuration Debug for project lab_string ****
make all 
Building file: ../str_quests.c
Invoking: Cross GCC Compiler
gcc -O0 -g3 -Wall -c -fmessage-length=0 -MMD -MP -MF"str_quests.d" -MT"str_quests.o" -o "str_quests.o" "../str_quests.c"
Finished building: ../str_quests.c
 
Building target: lab_string
Invoking: Cross GCC Linker
gcc  -o "lab_string"  ./main.o ./str_functions.o ./str_quests.o   
Finished building target: lab_string
 
10:59:41 **** Incremental Build of configuration Debug for project lab_string ****
make all 
make: Nothing to be done for 'all'.
11:18:25 **** Incremental Build of configuration Debug for project lab_string ****
make all 
Building file: ../main.c
Invoking: Cross GCC Compiler
gcc -O0 -g3 -Wall -c -fmessage-length=0 -MMD -MP -MF"main.d" -MT"main.o" -o "main.o" "../main.c"
Finished building: ../main.c
 
Building file: ../str_functions.c
Invoking: Cross GCC Compiler
gcc -O0 -g3 -Wall -c -fmessage-length=0 -MMD -MP -MF"str_functions.d" -MT"str_functions.o" -o "str_functions.o" "../str_functions.c"
../str_functions.c: In function ‘mostCapitalCountWord’:
../str_functions.c:34:9: warning: passing argument 1 of ‘strcpy’ makes pointer from integer without a cast [-Wint-conversion]
  strcpy(temp, str);
         ^~~~
In file included from ../str_functions.c:9:0:
/usr/include/string.h:121:14: note: expected ‘char * restrict’ but argument is of type ‘char’
 extern char *strcpy (char *__restrict __dest, const char *__restrict __src)
              ^~~~~~
../str_functions.c:36:17: warning: passing argument 1 of ‘strtok’ makes pointer from integer without a cast [-Wint-conversion]
  words = strtok(temp, del);
                 ^~~~
In file included from ../str_functions.c:9:0:
/usr/include/string.h:335:14: note: expected ‘char * restrict’ but argument is of type ‘char’
 extern char *strtok (char *__restrict __s, const char *__restrict __delim)
              ^~~~~~
../str_functions.c:36:8: warning: assignment makes integer from pointer without a cast [-Wint-conversion]
  words = strtok(temp, del);
        ^
../str_functions.c:37:14: warning: comparison between pointer and integer
  while(words != NULL)
              ^~
../str_functions.c:39:33: warning: passing argument 1 of ‘countCapitalsInWord’ makes pointer from integer without a cast [-Wint-conversion]
   counter = countCapitalsInWord(words);
                                 ^~~~~
In file included from ../str_functions.c:12:0:
../str_functions.h:15:5: note: expected ‘char *’ but argument is of type ‘char’
 int countCapitalsInWord(char* word);
     ^~~~~~~~~~~~~~~~~~~
../str_functions.c:43:20: warning: passing argument 2 of ‘strcpy’ makes pointer from integer without a cast [-Wint-conversion]
    strcpy(theWord, words);
                    ^~~~~
In file included from ../str_functions.c:9:0:
/usr/include/string.h:121:14: note: expected ‘const char * restrict’ but argument is of type ‘char’
 extern char *strcpy (char *__restrict __dest, const char *__restrict __src)
              ^~~~~~
../str_functions.c:34:2: warning: ‘temp’ is used uninitialized in this function [-Wuninitialized]
  strcpy(temp, str);
  ^~~~~~~~~~~~~~~~~
Finished building: ../str_functions.c
 
Building file: ../str_quests.c
Invoking: Cross GCC Compiler
gcc -O0 -g3 -Wall -c -fmessage-length=0 -MMD -MP -MF"str_quests.d" -MT"str_quests.o" -o "str_quests.o" "../str_quests.c"
../str_quests.c: In function ‘Q2’:
../str_quests.c:55:6: warning: unused variable ‘capitalsCount’ [-Wunused-variable]
  int capitalsCount = mostCapitalCountWord(str, word);
      ^~~~~~~~~~~~~
Finished building: ../str_quests.c
 
Building target: lab_string
Invoking: Cross GCC Linker
gcc  -o "lab_string"  ./main.o ./str_functions.o ./str_quests.o   
Finished building target: lab_string
 
11:21:10 **** Incremental Build of configuration Debug for project lab_string ****
make all 
Building file: ../str_quests.c
Invoking: Cross GCC Compiler
gcc -O0 -g3 -Wall -c -fmessage-length=0 -MMD -MP -MF"str_quests.d" -MT"str_quests.o" -o "str_quests.o" "../str_quests.c"
Finished building: ../str_quests.c
 
Building target: lab_string
Invoking: Cross GCC Linker
gcc  -o "lab_string"  ./main.o ./str_functions.o ./str_quests.o   
Finished building target: lab_string
 
11:21:16 **** Incremental Build of configuration Debug for project lab_string ****
make all 
make: Nothing to be done for 'all'.
11:23:40 **** Incremental Build of configuration Debug for project lab_string ****
make all 
Building file: ../str_quests.c
Invoking: Cross GCC Compiler
gcc -O0 -g3 -Wall -c -fmessage-length=0 -MMD -MP -MF"str_quests.d" -MT"str_quests.o" -o "str_quests.o" "../str_quests.c"
Finished building: ../str_quests.c
 
Building target: lab_string
Invoking: Cross GCC Linker
gcc  -o "lab_string"  ./main.o ./str_functions.o ./str_quests.o   
Finished building target: lab_string
 
11:24:22 **** Incremental Build of configuration Debug for project lab_string ****
make all 
Building file: ../str_quests.c
Invoking: Cross GCC Compiler
gcc -O0 -g3 -Wall -c -fmessage-length=0 -MMD -MP -MF"str_quests.d" -MT"str_quests.o" -o "str_quests.o" "../str_quests.c"
Finished building: ../str_quests.c
 
Building target: lab_string
Invoking: Cross GCC Linker
gcc  -o "lab_string"  ./main.o ./str_functions.o ./str_quests.o   
Finished building target: lab_string
 
11:24:25 **** Incremental Build of configuration Debug for project lab_string ****
make all 
make: Nothing to be done for 'all'.
11:25:48 **** Incremental Build of configuration Debug for project lab_string ****
make all 
Building file: ../str_quests.c
Invoking: Cross GCC Compiler
gcc -O0 -g3 -Wall -c -fmessage-length=0 -MMD -MP -MF"str_quests.d" -MT"str_quests.o" -o "str_quests.o" "../str_quests.c"
../str_quests.c: In function ‘Q2’:
../str_quests.c:64:1: error: expected ‘;’ before ‘}’ token
 }
 ^
subdir.mk:24: recipe for target 'str_quests.o' failed
make: *** [str_quests.o] Error 1
"make all" terminated with exit code 2. Build might be incomplete.
11:25:57 **** Incremental Build of configuration Debug for project lab_string ****
make all 
Building file: ../str_quests.c
Invoking: Cross GCC Compiler
gcc -O0 -g3 -Wall -c -fmessage-length=0 -MMD -MP -MF"str_quests.d" -MT"str_quests.o" -o "str_quests.o" "../str_quests.c"
Finished building: ../str_quests.c
 
Building target: lab_string
Invoking: Cross GCC Linker
gcc  -o "lab_string"  ./main.o ./str_functions.o ./str_quests.o   
Finished building target: lab_string
 
11:26:01 **** Incremental Build of configuration Debug for project lab_string ****
make all 
make: Nothing to be done for 'all'.
11:29:42 **** Incremental Build of configuration Debug for project lab_string ****
make all 
Building file: ../str_functions.c
Invoking: Cross GCC Compiler
gcc -O0 -g3 -Wall -c -fmessage-length=0 -MMD -MP -MF"str_functions.d" -MT"str_functions.o" -o "str_functions.o" "../str_functions.c"
../str_functions.c: In function ‘mostCapitalCountWord’:
../str_functions.c:34:9: warning: passing argument 1 of ‘strcpy’ makes pointer from integer without a cast [-Wint-conversion]
  strcpy(temp, str);
         ^~~~
In file included from ../str_functions.c:9:0:
/usr/include/string.h:121:14: note: expected ‘char * restrict’ but argument is of type ‘char’
 extern char *strcpy (char *__restrict __dest, const char *__restrict __src)
              ^~~~~~
../str_functions.c:36:17: warning: passing argument 1 of ‘strtok’ makes pointer from integer without a cast [-Wint-conversion]
  words = strtok(temp, del);
                 ^~~~
In file included from ../str_functions.c:9:0:
/usr/include/string.h:335:14: note: expected ‘char * restrict’ but argument is of type ‘char’
 extern char *strtok (char *__restrict __s, const char *__restrict __delim)
              ^~~~~~
../str_functions.c:36:8: warning: assignment makes integer from pointer without a cast [-Wint-conversion]
  words = strtok(temp, del);
        ^
../str_functions.c:37:14: warning: comparison between pointer and integer
  while(words != NULL)
              ^~
../str_functions.c:39:33: warning: passing argument 1 of ‘countCapitalsInWord’ makes pointer from integer without a cast [-Wint-conversion]
   counter = countCapitalsInWord(words);
                                 ^~~~~
In file included from ../str_functions.c:12:0:
../str_functions.h:15:5: note: expected ‘const char *’ but argument is of type ‘char’
 int countCapitalsInWord(const char* word);
     ^~~~~~~~~~~~~~~~~~~
../str_functions.c:43:20: warning: passing argument 2 of ‘strcpy’ makes pointer from integer without a cast [-Wint-conversion]
    strcpy(theWord, words);
                    ^~~~~
In file included from ../str_functions.c:9:0:
/usr/include/string.h:121:14: note: expected ‘const char * restrict’ but argument is of type ‘char’
 extern char *strcpy (char *__restrict __dest, const char *__restrict __src)
              ^~~~~~
../str_functions.c:45:9: warning: assignment makes integer from pointer without a cast [-Wint-conversion]
   words = strtok(NULL, del);
         ^
../str_functions.c:34:2: warning: ‘temp’ is used uninitialized in this function [-Wuninitialized]
  strcpy(temp, str);
  ^~~~~~~~~~~~~~~~~
Finished building: ../str_functions.c
 
Building file: ../str_quests.c
Invoking: Cross GCC Compiler
gcc -O0 -g3 -Wall -c -fmessage-length=0 -MMD -MP -MF"str_quests.d" -MT"str_quests.o" -o "str_quests.o" "../str_quests.c"
Finished building: ../str_quests.c
 
Building target: lab_string
Invoking: Cross GCC Linker
gcc  -o "lab_string"  ./main.o ./str_functions.o ./str_quests.o   
Finished building target: lab_string
 
11:31:36 **** Incremental Build of configuration Debug for project lab_string ****
make all 
Building file: ../str_functions.c
Invoking: Cross GCC Compiler
gcc -O0 -g3 -Wall -c -fmessage-length=0 -MMD -MP -MF"str_functions.d" -MT"str_functions.o" -o "str_functions.o" "../str_functions.c"
../str_functions.c: In function ‘mostCapitalCountWord’:
../str_functions.c:32:50: warning: initialization makes integer from pointer without a cast [-Wint-conversion]
  char* del = " ", temp, words, maxCapitalsWord = NULL;
                                                  ^~~~
../str_functions.c:34:9: warning: passing argument 1 of ‘strcpy’ makes pointer from integer without a cast [-Wint-conversion]
  strcpy(temp, str);
         ^~~~
In file included from ../str_functions.c:9:0:
/usr/include/string.h:121:14: note: expected ‘char * restrict’ but argument is of type ‘char’
 extern char *strcpy (char *__restrict __dest, const char *__restrict __src)
              ^~~~~~
../str_functions.c:36:17: warning: passing argument 1 of ‘strtok’ makes pointer from integer without a cast [-Wint-conversion]
  words = strtok(temp, del);
                 ^~~~
In file included from ../str_functions.c:9:0:
/usr/include/string.h:335:14: note: expected ‘char * restrict’ but argument is of type ‘char’
 extern char *strtok (char *__restrict __s, const char *__restrict __delim)
              ^~~~~~
../str_functions.c:36:8: warning: assignment makes integer from pointer without a cast [-Wint-conversion]
  words = strtok(temp, del);
        ^
../str_functions.c:37:14: warning: comparison between pointer and integer
  while(words != NULL)
              ^~
../str_functions.c:39:33: warning: passing argument 1 of ‘countCapitalsInWord’ makes pointer from integer without a cast [-Wint-conversion]
   counter = countCapitalsInWord(words);
                                 ^~~~~
In file included from ../str_functions.c:12:0:
../str_functions.h:15:5: note: expected ‘const char *’ but argument is of type ‘char’
 int countCapitalsInWord(const char* word);
     ^~~~~~~~~~~~~~~~~~~
../str_functions.c:45:9: warning: assignment makes integer from pointer without a cast [-Wint-conversion]
   words = strtok(NULL, del);
         ^
../str_functions.c:47:18: warning: passing argument 2 of ‘strcpy’ makes pointer from integer without a cast [-Wint-conversion]
  strcpy(theWord, maxCapitalsWord);
                  ^~~~~~~~~~~~~~~
In file included from ../str_functions.c:9:0:
/usr/include/string.h:121:14: note: expected ‘const char * restrict’ but argument is of type ‘char’
 extern char *strcpy (char *__restrict __dest, const char *__restrict __src)
              ^~~~~~
../str_functions.c:34:2: warning: ‘temp’ is used uninitialized in this function [-Wuninitialized]
  strcpy(temp, str);
  ^~~~~~~~~~~~~~~~~
Finished building: ../str_functions.c
 
Building target: lab_string
Invoking: Cross GCC Linker
gcc  -o "lab_string"  ./main.o ./str_functions.o ./str_quests.o   
Finished building target: lab_string
 
11:37:27 **** Incremental Build of configuration Debug for project lab_string ****
make all 
Building file: ../str_functions.c
Invoking: Cross GCC Compiler
gcc -O0 -g3 -Wall -c -fmessage-length=0 -MMD -MP -MF"str_functions.d" -MT"str_functions.o" -o "str_functions.o" "../str_functions.c"
../str_functions.c: In function ‘mostCapitalCountWord’:
../str_functions.c:32:50: warning: initialization makes integer from pointer without a cast [-Wint-conversion]
  char* del = " ", temp, words, maxCapitalsWord = NULL;
                                                  ^~~~
../str_functions.c:34:9: warning: passing argument 1 of ‘strcpy’ makes pointer from integer without a cast [-Wint-conversion]
  strcpy(temp, str);
         ^~~~
In file included from ../str_functions.c:9:0:
/usr/include/string.h:121:14: note: expected ‘char * restrict’ but argument is of type ‘char’
 extern char *strcpy (char *__restrict __dest, const char *__restrict __src)
              ^~~~~~
../str_functions.c:36:17: warning: passing argument 1 of ‘strtok’ makes pointer from integer without a cast [-Wint-conversion]
  words = strtok(temp, del);
                 ^~~~
In file included from ../str_functions.c:9:0:
/usr/include/string.h:335:14: note: expected ‘char * restrict’ but argument is of type ‘char’
 extern char *strtok (char *__restrict __s, const char *__restrict __delim)
              ^~~~~~
../str_functions.c:36:8: warning: assignment makes integer from pointer without a cast [-Wint-conversion]
  words = strtok(temp, del);
        ^
../str_functions.c:37:14: warning: comparison between pointer and integer
  while(words != NULL)
              ^~
../str_functions.c:39:33: warning: passing argument 1 of ‘countCapitalLetters’ makes pointer from integer without a cast [-Wint-conversion]
   counter = countCapitalLetters(words);
                                 ^~~~~
In file included from ../str_functions.c:12:0:
../str_functions.h:15:5: note: expected ‘const char *’ but argument is of type ‘char’
 int countCapitalLetters(const char* word);
     ^~~~~~~~~~~~~~~~~~~
../str_functions.c:45:9: warning: assignment makes integer from pointer without a cast [-Wint-conversion]
   words = strtok(NULL, del);
         ^
../str_functions.c:47:21: warning: comparison between pointer and integer
  if(maxCapitalsWord != NULL)
                     ^~
../str_functions.c:48:19: warning: passing argument 2 of ‘strcpy’ makes pointer from integer without a cast [-Wint-conversion]
   strcpy(theWord, maxCapitalsWord);
                   ^~~~~~~~~~~~~~~
In file included from ../str_functions.c:9:0:
/usr/include/string.h:121:14: note: expected ‘const char * restrict’ but argument is of type ‘char’
 extern char *strcpy (char *__restrict __dest, const char *__restrict __src)
              ^~~~~~
../str_functions.c:34:2: warning: ‘temp’ is used uninitialized in this function [-Wuninitialized]
  strcpy(temp, str);
  ^~~~~~~~~~~~~~~~~
Finished building: ../str_functions.c
 
Building file: ../str_quests.c
Invoking: Cross GCC Compiler
gcc -O0 -g3 -Wall -c -fmessage-length=0 -MMD -MP -MF"str_quests.d" -MT"str_quests.o" -o "str_quests.o" "../str_quests.c"
../str_quests.c: In function ‘Q2’:
../str_quests.c:62:10: warning: implicit declaration of function ‘countCapitalsInWord’; did you mean ‘countCapitalLetters’? [-Wimplicit-function-declaration]
  int c = countCapitalsInWord(str);
          ^~~~~~~~~~~~~~~~~~~
          countCapitalLetters
Finished building: ../str_quests.c
 
Building target: lab_string
Invoking: Cross GCC Linker
gcc  -o "lab_string"  ./main.o ./str_functions.o ./str_quests.o   
./str_quests.o: In function `Q2':
/home/afeka/eclipse-workspace/lab_string/Debug/../str_quests.c:62: undefined reference to `countCapitalsInWord'
collect2: error: ld returned 1 exit status
makefile:29: recipe for target 'lab_string' failed
make: *** [lab_string] Error 1
"make all" terminated with exit code 2. Build might be incomplete.
11:37:51 **** Incremental Build of configuration Debug for project lab_string ****
make all 
Building file: ../str_quests.c
Invoking: Cross GCC Compiler
gcc -O0 -g3 -Wall -c -fmessage-length=0 -MMD -MP -MF"str_quests.d" -MT"str_quests.o" -o "str_quests.o" "../str_quests.c"
Finished building: ../str_quests.c
 
Building target: lab_string
Invoking: Cross GCC Linker
gcc  -o "lab_string"  ./main.o ./str_functions.o ./str_quests.o   
Finished building target: lab_string
 
11:37:58 **** Incremental Build of configuration Debug for project lab_string ****
make all 
make: Nothing to be done for 'all'.
11:39:59 **** Incremental Build of configuration Debug for project lab_string ****
make all 
Building file: ../str_quests.c
Invoking: Cross GCC Compiler
gcc -O0 -g3 -Wall -c -fmessage-length=0 -MMD -MP -MF"str_quests.d" -MT"str_quests.o" -o "str_quests.o" "../str_quests.c"
Finished building: ../str_quests.c
 
Building target: lab_string
Invoking: Cross GCC Linker
gcc  -o "lab_string"  ./main.o ./str_functions.o ./str_quests.o   
Finished building target: lab_string
 
11:42:54 **** Incremental Build of configuration Debug for project lab_string ****
make all 
Building file: ../str_quests.c
Invoking: Cross GCC Compiler
gcc -O0 -g3 -Wall -c -fmessage-length=0 -MMD -MP -MF"str_quests.d" -MT"str_quests.o" -o "str_quests.o" "../str_quests.c"
Finished building: ../str_quests.c
 
Building target: lab_string
Invoking: Cross GCC Linker
gcc  -o "lab_string"  ./main.o ./str_functions.o ./str_quests.o   
Finished building target: lab_string
 
11:50:09 **** Incremental Build of configuration Debug for project lab_string ****
make all 
Building file: ../str_functions.c
Invoking: Cross GCC Compiler
gcc -O0 -g3 -Wall -c -fmessage-length=0 -MMD -MP -MF"str_functions.d" -MT"str_functions.o" -o "str_functions.o" "../str_functions.c"
../str_functions.c: In function ‘mostCapitalCountWord’:
../str_functions.c:32:44: warning: initialization makes integer from pointer without a cast [-Wint-conversion]
  char* del = " ", words, maxCapitalsWord = NULL;
                                            ^~~~
../str_functions.c:36:8: warning: assignment makes integer from pointer without a cast [-Wint-conversion]
  words = strtok(temp, del);
        ^
../str_functions.c:37:14: warning: comparison between pointer and integer
  while(words != NULL)
              ^~
../str_functions.c:39:33: warning: passing argument 1 of ‘countCapitalLetters’ makes pointer from integer without a cast [-Wint-conversion]
   counter = countCapitalLetters(words);
                                 ^~~~~
In file included from ../str_functions.c:12:0:
../str_functions.h:17:5: note: expected ‘const char *’ but argument is of type ‘char’
 int countCapitalLetters(const char* word);
     ^~~~~~~~~~~~~~~~~~~
../str_functions.c:45:9: warning: assignment makes integer from pointer without a cast [-Wint-conversion]
   words = strtok(NULL, del);
         ^
../str_functions.c:47:21: warning: comparison between pointer and integer
  if(maxCapitalsWord != NULL)
                     ^~
../str_functions.c:48:19: warning: passing argument 2 of ‘strcpy’ makes pointer from integer without a cast [-Wint-conversion]
   strcpy(theWord, maxCapitalsWord);
                   ^~~~~~~~~~~~~~~
In file included from ../str_functions.c:9:0:
/usr/include/string.h:121:14: note: expected ‘const char * restrict’ but argument is of type ‘char’
 extern char *strcpy (char *__restrict __dest, const char *__restrict __src)
              ^~~~~~
Finished building: ../str_functions.c
 
Building file: ../str_quests.c
Invoking: Cross GCC Compiler
gcc -O0 -g3 -Wall -c -fmessage-length=0 -MMD -MP -MF"str_quests.d" -MT"str_quests.o" -o "str_quests.o" "../str_quests.c"
Finished building: ../str_quests.c
 
Building target: lab_string
Invoking: Cross GCC Linker
gcc  -o "lab_string"  ./main.o ./str_functions.o ./str_quests.o   
Finished building target: lab_string
 
11:50:57 **** Incremental Build of configuration Debug for project lab_string ****
make all 
Building file: ../str_functions.c
Invoking: Cross GCC Compiler
gcc -O0 -g3 -Wall -c -fmessage-length=0 -MMD -MP -MF"str_functions.d" -MT"str_functions.o" -o "str_functions.o" "../str_functions.c"
Finished building: ../str_functions.c
 
Building target: lab_string
Invoking: Cross GCC Linker
gcc  -o "lab_string"  ./main.o ./str_functions.o ./str_quests.o   
Finished building target: lab_string
 
11:51:06 **** Incremental Build of configuration Debug for project lab_string ****
make all 
make: Nothing to be done for 'all'.
11:51:45 **** Incremental Build of configuration Debug for project lab_string ****
make all 
Building file: ../str_functions.c
Invoking: Cross GCC Compiler
gcc -O0 -g3 -Wall -c -fmessage-length=0 -MMD -MP -MF"str_functions.d" -MT"str_functions.o" -o "str_functions.o" "../str_functions.c"
Finished building: ../str_functions.c
 
Building target: lab_string
Invoking: Cross GCC Linker
gcc  -o "lab_string"  ./main.o ./str_functions.o ./str_quests.o   
Finished building target: lab_string
 
11:51:48 **** Incremental Build of configuration Debug for project lab_string ****
make all 
make: Nothing to be done for 'all'.
11:53:19 **** Incremental Build of configuration Debug for project lab_string ****
make all 
Building file: ../str_quests.c
Invoking: Cross GCC Compiler
gcc -O0 -g3 -Wall -c -fmessage-length=0 -MMD -MP -MF"str_quests.d" -MT"str_quests.o" -o "str_quests.o" "../str_quests.c"
Finished building: ../str_quests.c
 
Building target: lab_string
Invoking: Cross GCC Linker
gcc  -o "lab_string"  ./main.o ./str_functions.o ./str_quests.o   
Finished building target: lab_string
 
11:53:29 **** Incremental Build of configuration Debug for project lab_string ****
make all 
make: Nothing to be done for 'all'.
11:53:36 **** Incremental Build of configuration Debug for project lab_string ****
make all 
make: Nothing to be done for 'all'.
11:53:59 **** Incremental Build of configuration Debug for project lab_string ****
make all 
make: Nothing to be done for 'all'.
12:23:32 **** Incremental Build of configuration Debug for project lab_string ****
make all 
Building file: ../main.c
Invoking: Cross GCC Compiler
gcc -O0 -g3 -Wall -c -fmessage-length=0 -MMD -MP -MF"main.d" -MT"main.o" -o "main.o" "../main.c"
Finished building: ../main.c
 
Building file: ../str_functions.c
Invoking: Cross GCC Compiler
gcc -O0 -g3 -Wall -c -fmessage-length=0 -MMD -MP -MF"str_functions.d" -MT"str_functions.o" -o "str_functions.o" "../str_functions.c"
../str_functions.c: In function ‘fixSpaces’:
../str_functions.c:68:7: warning: variable ‘fixed’ set but not used [-Wunused-but-set-variable]
  char fixed[MAX];
       ^~~~~
Finished building: ../str_functions.c
 
Building file: ../str_quests.c
Invoking: Cross GCC Compiler
gcc -O0 -g3 -Wall -c -fmessage-length=0 -MMD -MP -MF"str_quests.d" -MT"str_quests.o" -o "str_quests.o" "../str_quests.c"
Finished building: ../str_quests.c
 
Building target: lab_string
Invoking: Cross GCC Linker
gcc  -o "lab_string"  ./main.o ./str_functions.o ./str_quests.o   
Finished building target: lab_string
 
12:25:20 **** Incremental Build of configuration Debug for project lab_string ****
make all 
Building file: ../str_functions.c
Invoking: Cross GCC Compiler
gcc -O0 -g3 -Wall -c -fmessage-length=0 -MMD -MP -MF"str_functions.d" -MT"str_functions.o" -o "str_functions.o" "../str_functions.c"
Finished building: ../str_functions.c
 
Building target: lab_string
Invoking: Cross GCC Linker
gcc  -o "lab_string"  ./main.o ./str_functions.o ./str_quests.o   
Finished building target: lab_string
 
12:25:23 **** Incremental Build of configuration Debug for project lab_string ****
make all 
make: Nothing to be done for 'all'.
12:27:38 **** Incremental Build of configuration Debug for project lab_string ****
make all 
Building file: ../str_functions.c
Invoking: Cross GCC Compiler
gcc -O0 -g3 -Wall -c -fmessage-length=0 -MMD -MP -MF"str_functions.d" -MT"str_functions.o" -o "str_functions.o" "../str_functions.c"
Finished building: ../str_functions.c
 
Building target: lab_string
Invoking: Cross GCC Linker
gcc  -o "lab_string"  ./main.o ./str_functions.o ./str_quests.o   
Finished building target: lab_string
 
12:27:41 **** Incremental Build of configuration Debug for project lab_string ****
make all 
make: Nothing to be done for 'all'.
12:29:39 **** Incremental Build of configuration Debug for project lab_string ****
make all 
Building file: ../str_functions.c
Invoking: Cross GCC Compiler
gcc -O0 -g3 -Wall -c -fmessage-length=0 -MMD -MP -MF"str_functions.d" -MT"str_functions.o" -o "str_functions.o" "../str_functions.c"
Finished building: ../str_functions.c
 
Building target: lab_string
Invoking: Cross GCC Linker
gcc  -o "lab_string"  ./main.o ./str_functions.o ./str_quests.o   
Finished building target: lab_string
 
12:29:43 **** Incremental Build of configuration Debug for project lab_string ****
make all 
make: Nothing to be done for 'all'.
12:30:51 **** Incremental Build of configuration Debug for project lab_string ****
make all 
Building file: ../str_functions.c
Invoking: Cross GCC Compiler
gcc -O0 -g3 -Wall -c -fmessage-length=0 -MMD -MP -MF"str_functions.d" -MT"str_functions.o" -o "str_functions.o" "../str_functions.c"
Finished building: ../str_functions.c
 
Building target: lab_string
Invoking: Cross GCC Linker
gcc  -o "lab_string"  ./main.o ./str_functions.o ./str_quests.o   
Finished building target: lab_string
 
12:30:54 **** Incremental Build of configuration Debug for project lab_string ****
make all 
make: Nothing to be done for 'all'.
12:53:19 **** Incremental Build of configuration Debug for project lab_string ****
make all 
Building file: ../main.c
Invoking: Cross GCC Compiler
gcc -O0 -g3 -Wall -c -fmessage-length=0 -MMD -MP -MF"main.d" -MT"main.o" -o "main.o" "../main.c"
Finished building: ../main.c
 
Building file: ../str_quests.c
Invoking: Cross GCC Compiler
gcc -O0 -g3 -Wall -c -fmessage-length=0 -MMD -MP -MF"str_quests.d" -MT"str_quests.o" -o "str_quests.o" "../str_quests.c"
Finished building: ../str_quests.c
 
Building target: lab_string
Invoking: Cross GCC Linker
gcc  -o "lab_string"  ./main.o ./str_functions.o ./str_quests.o   
Finished building target: lab_string
 
12:53:24 **** Incremental Build of configuration Debug for project lab_string ****
make all 
make: Nothing to be done for 'all'.
13:03:46 **** Incremental Build of configuration Debug for project lab_string ****
make all 
Building file: ../str_functions.c
Invoking: Cross GCC Compiler
gcc -O0 -g3 -Wall -c -fmessage-length=0 -MMD -MP -MF"str_functions.d" -MT"str_functions.o" -o "str_functions.o" "../str_functions.c"
Finished building: ../str_functions.c
 
Building file: ../str_quests.c
Invoking: Cross GCC Compiler
gcc -O0 -g3 -Wall -c -fmessage-length=0 -MMD -MP -MF"str_quests.d" -MT"str_quests.o" -o "str_quests.o" "../str_quests.c"
../str_quests.c: In function ‘Q4’:
../str_quests.c:83:14: warning: passing argument 1 of ‘initLastRow’ from incompatible pointer type [-Wincompatible-pointer-types]
  initLastRow(text, ROWS, MAX);
              ^~~~
In file included from ../str_quests.c:12:0:
../str_functions.h:21:6: note: expected ‘char **’ but argument is of type ‘char (*)[255]’
 void initLastRow(char** text, int rows, int cols);
      ^~~~~~~~~~~
Finished building: ../str_quests.c
 
Building target: lab_string
Invoking: Cross GCC Linker
gcc  -o "lab_string"  ./main.o ./str_functions.o ./str_quests.o   
Finished building target: lab_string
 
13:05:23 **** Incremental Build of configuration Debug for project lab_string ****
make all 
Building file: ../str_functions.c
Invoking: Cross GCC Compiler
gcc -O0 -g3 -Wall -c -fmessage-length=0 -MMD -MP -MF"str_functions.d" -MT"str_functions.o" -o "str_functions.o" "../str_functions.c"
Finished building: ../str_functions.c
 
Building file: ../str_quests.c
Invoking: Cross GCC Compiler
gcc -O0 -g3 -Wall -c -fmessage-length=0 -MMD -MP -MF"str_quests.d" -MT"str_quests.o" -o "str_quests.o" "../str_quests.c"
../str_quests.c: In function ‘Q4’:
../str_quests.c:83:14: warning: passing argument 1 of ‘initLastRow’ from incompatible pointer type [-Wincompatible-pointer-types]
  initLastRow(text, ROWS, MAX);
              ^~~~
In file included from ../str_quests.c:12:0:
../str_functions.h:21:6: note: expected ‘char **’ but argument is of type ‘char (*)[255]’
 void initLastRow(char* text[MAX], int rows, int cols);
      ^~~~~~~~~~~
Finished building: ../str_quests.c
 
Building target: lab_string
Invoking: Cross GCC Linker
gcc  -o "lab_string"  ./main.o ./str_functions.o ./str_quests.o   
Finished building target: lab_string
 
13:06:46 **** Incremental Build of configuration Debug for project lab_string ****
make all 
Building file: ../str_functions.c
Invoking: Cross GCC Compiler
gcc -O0 -g3 -Wall -c -fmessage-length=0 -MMD -MP -MF"str_functions.d" -MT"str_functions.o" -o "str_functions.o" "../str_functions.c"
Finished building: ../str_functions.c
 
Building file: ../str_quests.c
Invoking: Cross GCC Compiler
gcc -O0 -g3 -Wall -c -fmessage-length=0 -MMD -MP -MF"str_quests.d" -MT"str_quests.o" -o "str_quests.o" "../str_quests.c"
Finished building: ../str_quests.c
 
Building target: lab_string
Invoking: Cross GCC Linker
gcc  -o "lab_string"  ./main.o ./str_functions.o ./str_quests.o   
Finished building target: lab_string
 
13:06:51 **** Incremental Build of configuration Debug for project lab_string ****
make all 
make: Nothing to be done for 'all'.
13:11:56 **** Incremental Build of configuration Debug for project lab_string ****
make all 
Building file: ../str_functions.c
Invoking: Cross GCC Compiler
gcc -O0 -g3 -Wall -c -fmessage-length=0 -MMD -MP -MF"str_functions.d" -MT"str_functions.o" -o "str_functions.o" "../str_functions.c"
Finished building: ../str_functions.c
 
Building file: ../str_quests.c
Invoking: Cross GCC Compiler
gcc -O0 -g3 -Wall -c -fmessage-length=0 -MMD -MP -MF"str_quests.d" -MT"str_quests.o" -o "str_quests.o" "../str_quests.c"
Finished building: ../str_quests.c
 
Building target: lab_string
Invoking: Cross GCC Linker
gcc  -o "lab_string"  ./main.o ./str_functions.o ./str_quests.o   
Finished building target: lab_string
 
13:16:07 **** Incremental Build of configuration Debug for project lab_string ****
make all 
Building file: ../str_functions.c
Invoking: Cross GCC Compiler
gcc -O0 -g3 -Wall -c -fmessage-length=0 -MMD -MP -MF"str_functions.d" -MT"str_functions.o" -o "str_functions.o" "../str_functions.c"
Finished building: ../str_functions.c
 
Building file: ../str_quests.c
Invoking: Cross GCC Compiler
gcc -O0 -g3 -Wall -c -fmessage-length=0 -MMD -MP -MF"str_quests.d" -MT"str_quests.o" -o "str_quests.o" "../str_quests.c"
Finished building: ../str_quests.c
 
Building target: lab_string
Invoking: Cross GCC Linker
gcc  -o "lab_string"  ./main.o ./str_functions.o ./str_quests.o   
Finished building target: lab_string
 
13:16:10 **** Incremental Build of configuration Debug for project lab_string ****
make all 
make: Nothing to be done for 'all'.
13:17:02 **** Incremental Build of configuration Debug for project lab_string ****
make all 
make: Nothing to be done for 'all'.
13:18:23 **** Incremental Build of configuration Debug for project lab_string ****
make all 
make: Nothing to be done for 'all'.
13:18:35 **** Incremental Build of configuration Debug for project lab_string ****
make all 
make: Nothing to be done for 'all'.
14:01:34 **** Clean-only build of configuration Debug for project lab ****
make clean 
rm -rf  ./main.o ./str_functions.o ./str_quests.o  ./main.d ./str_functions.d ./str_quests.d  lab_string
 
14:01:34 **** Build of configuration Debug for project lab ****
make all 
Building file: ../main.c
Invoking: Cross GCC Compiler
gcc -O0 -g3 -Wall -c -fmessage-length=0 -MMD -MP -MF"main.d" -MT"main.o" -o "main.o" "../main.c"
Finished building: ../main.c
 
Building file: ../str_functions.c
Invoking: Cross GCC Compiler
gcc -O0 -g3 -Wall -c -fmessage-length=0 -MMD -MP -MF"str_functions.d" -MT"str_functions.o" -o "str_functions.o" "../str_functions.c"
Finished building: ../str_functions.c
 
Building file: ../str_quests.c
Invoking: Cross GCC Compiler
gcc -O0 -g3 -Wall -c -fmessage-length=0 -MMD -MP -MF"str_quests.d" -MT"str_quests.o" -o "str_quests.o" "../str_quests.c"
Finished building: ../str_quests.c
 
Building target: lab
Invoking: Cross GCC Linker
gcc  -o "lab"  ./main.o ./str_functions.o ./str_quests.o   
Finished building target: lab
 
